<?xml version="1.0" encoding="UTF-8"?>
<!-- Generated by org.testng.reporters.JUnitReportReporter -->
<testsuite hostname="LTIN509456" failures="0" tests="2" name="testScenario.TC_CruisePage" time="3.767" errors="0" timestamp="2024-04-14T08:28:44 IST" skipped="0">
  <testcase classname="testScenario.TC_CruisePage" name="clickoncruise" time="3.479"/>
  <testcase classname="testScenario.TC_CruisePage" name="printallInclusion" time="0.288"/>
</testsuite> <!-- testScenario.TC_CruisePage -->
