<?xml version="1.0" encoding="UTF-8"?>
<!-- Generated by org.testng.reporters.JUnitReportReporter -->
<testsuite hostname="LTIN509456" failures="0" tests="4" name="testScenario.TC_001_HotelSearchPage" time="50.414" errors="0" timestamp="2024-04-16T14:38:26 IST" skipped="0">
  <testcase classname="testScenario.TC_001_HotelSearchPage" name="clickonHotel" time="0.254"/>
  <testcase classname="testScenario.TC_001_HotelSearchPage" name="selectHotel" time="27.043"/>
  <testcase classname="testScenario.TC_001_HotelSearchPage" name="selectallaminites" time="15.964"/>
  <testcase classname="testScenario.TC_001_HotelSearchPage" name="displayhotels" time="7.153"/>
</testsuite> <!-- testScenario.TC_001_HotelSearchPage -->
