<?xml version="1.0" encoding="UTF-8"?>
<!-- Generated by org.testng.reporters.JUnitReportReporter -->
<testsuite hostname="LTIN509456" failures="0" tests="2" name="testScenario.TC_003_GiftPage" time="25.751" errors="0" timestamp="2024-04-16T14:38:26 IST" skipped="0">
  <testcase classname="testScenario.TC_003_GiftPage" name="ClickonGift" time="0.812"/>
  <testcase classname="testScenario.TC_003_GiftPage" name="filldetails" time="24.939"/>
</testsuite> <!-- testScenario.TC_003_GiftPage -->
