<?xml version="1.0" encoding="UTF-8"?>
<!-- Generated by org.testng.reporters.JUnitReportReporter -->
<testsuite hostname="LTIN508534" failures="0" tests="3" name="testRunner.TestRunner" time="79.071" errors="0" timestamp="2024-04-17T16:52:49 IST" skipped="0">
  <testcase classname="testRunner.TestRunner" name="runScenario" time="11.099"/>
  <testcase classname="testRunner.TestRunner" name="runScenario" time="52.190"/>
  <testcase classname="testRunner.TestRunner" name="runScenario" time="15.782"/>
</testsuite> <!-- testRunner.TestRunner -->
