<?xml version="1.0" encoding="UTF-8"?>
<!-- Generated by org.testng.reporters.JUnitReportReporter -->
<testsuite hostname="LTIN509456" failures="0" tests="2" name="testScenario.TC_GiftPage" time="6.680" errors="0" timestamp="2024-04-14T08:28:44 IST" skipped="0">
  <testcase classname="testScenario.TC_GiftPage" name="ClickonGift" time="1.558"/>
  <testcase classname="testScenario.TC_GiftPage" name="filldetails" time="5.122"/>
</testsuite> <!-- testScenario.TC_GiftPage -->
