<?xml version="1.0" encoding="UTF-8"?>
<!-- Generated by org.testng.reporters.JUnitReportReporter -->
<testsuite hostname="LTIN509456" failures="0" tests="4" name="testScenario.TC_HotelSearchPage" time="27.547" errors="0" timestamp="2024-04-14T08:28:44 IST" skipped="0">
  <testcase classname="testScenario.TC_HotelSearchPage" name="clickonHotel" time="0.648"/>
  <testcase classname="testScenario.TC_HotelSearchPage" name="selectHotel" time="6.431"/>
  <testcase classname="testScenario.TC_HotelSearchPage" name="selectallaminites" time="13.138"/>
  <testcase classname="testScenario.TC_HotelSearchPage" name="displayhotels" time="7.330"/>
</testsuite> <!-- testScenario.TC_HotelSearchPage -->
